<?xml version="1.0" encoding="UTF-8"?>
<testng-results skipped="0" failed="0" ignored="0" total="1" passed="1">
  <reporter-output>
  </reporter-output>
  <suite name="Default suite" duration-ms="32984" started-at="2020-02-14T08:58:35Z" finished-at="2020-02-14T08:59:08Z">
    <groups>
    </groups>
    <test name="Default test" duration-ms="32984" started-at="2020-02-14T08:58:35Z" finished-at="2020-02-14T08:59:08Z">
      <class name="MavenMarloTest.MavenMarloTest.NewTest">
        <test-method status="PASS" signature="Malro()[pri:0, instance:MavenMarloTest.MavenMarloTest.NewTest@482f8f11]" name="Malro" duration-ms="32932" started-at="2020-02-14T08:58:35Z" finished-at="2020-02-14T08:59:08Z">
          <reporter-output>
          </reporter-output>
        </test-method> <!-- Malro -->
      </class> <!-- MavenMarloTest.MavenMarloTest.NewTest -->
    </test> <!-- Default test -->
  </suite> <!-- Default suite -->
</testng-results>
